<?xml version="1.0" encoding="UTF-8"?>
<!-- Generated by org.testng.reporters.JUnitReportReporter -->
<testsuite hostname="chakim-ubuntu" failures="0" tests="4" name="SpotifyTestNG.stng.TestGetMethods_01" time="3.734" errors="0" timestamp="2020-12-15T22:56:56 EST" skipped="0">
  <testcase classname="SpotifyTestNG.stng.TestGetMethods_01" name="getVinylByID_WithAuth" time="0.396"/>
  <system-out/>
  <testcase classname="SpotifyTestNG.stng.TestGetMethods_01" name="getVinyls_WithAuth" time="0.305"/>
  <system-out/>
  <testcase classname="SpotifyTestNG.stng.TestGetMethods_01" name="getVinylByID_NoAuth" time="2.717"/>
  <system-out/>
  <testcase classname="SpotifyTestNG.stng.TestGetMethods_01" name="getVinyls_NoAuth" time="0.316"/>
  <system-out/>
</testsuite> <!-- SpotifyTestNG.stng.TestGetMethods_01 -->
