<?xml version="1.0" encoding="UTF-8"?>
<!-- Generated by org.testng.reporters.JUnitReportReporter -->
<testsuite hostname="chakim-ubuntu" failures="0" tests="4" name="SpotifyTestNG.stng.TestGet_01" time="2.627" errors="0" timestamp="2020-12-17T10:52:14 EST" skipped="0">
  <testcase classname="SpotifyTestNG.stng.TestGet_01" name="getVinylByID_NoAuth" time="1.751"/>
  <system-out/>
  <testcase classname="SpotifyTestNG.stng.TestGet_01" name="getVinylByID_WithAuth" time="0.334"/>
  <system-out/>
  <testcase classname="SpotifyTestNG.stng.TestGet_01" name="getVinyls_WithAuth" time="0.313"/>
  <system-out/>
  <testcase classname="SpotifyTestNG.stng.TestGet_01" name="getVinyls_NoAuth" time="0.229"/>
  <system-out/>
</testsuite> <!-- SpotifyTestNG.stng.TestGet_01 -->
