<?xml version="1.0" encoding="UTF-8"?>
<!-- Generated by org.testng.reporters.JUnitReportReporter -->
<testsuite hostname="chakim-ubuntu" failures="0" tests="1" name="SpotifyTestNG.stng.TestPostMethods_01" time="2.689" errors="0" timestamp="2020-12-15T23:02:26 EST" skipped="0">
  <testcase classname="SpotifyTestNG.stng.TestPostMethods_01" name="addVinyl_NoAuth" time="2.689"/>
  <system-out/>
</testsuite> <!-- SpotifyTestNG.stng.TestPostMethods_01 -->
