<?xml version="1.0" encoding="UTF-8"?>
<!-- Generated by org.testng.reporters.JUnitReportReporter -->
<testsuite hostname="chakim-ubuntu" failures="0" tests="4" name="SpotifyTestNG.stng.TestSet_01" time="2.961" errors="0" timestamp="2020-12-15T22:18:05 EST" skipped="0">
  <testcase classname="SpotifyTestNG.stng.TestSet_01" name="getVinylByID_NoAuth" time="2.137"/>
  <system-out/>
  <testcase classname="SpotifyTestNG.stng.TestSet_01" name="getVinylByID_WithAuth" time="0.288"/>
  <system-out/>
  <testcase classname="SpotifyTestNG.stng.TestSet_01" name="getVinyls_NoAuth" time="0.262"/>
  <system-out/>
  <testcase classname="SpotifyTestNG.stng.TestSet_01" name="getVinyls_WithAuth" time="0.274"/>
  <system-out/>
</testsuite> <!-- SpotifyTestNG.stng.TestSet_01 -->
