<?xml version="1.0" encoding="UTF-8"?>
<!-- Generated by org.testng.reporters.JUnitReportReporter -->
<testsuite hostname="chakim-ubuntu" failures="0" tests="6" name="SpotifyTestNG.stng.TestUpdateDelete_01" time="3.396" errors="0" timestamp="2020-12-17T10:53:01 EST" skipped="0">
  <testcase classname="SpotifyTestNG.stng.TestUpdateDelete_01" name="addVinyl_WithAuth" time="1.924"/>
  <system-out/>
  <testcase classname="SpotifyTestNG.stng.TestUpdateDelete_01" name="updateVinyl_WithAuth" time="0.292"/>
  <system-out/>
  <testcase classname="SpotifyTestNG.stng.TestUpdateDelete_01" name="updateVinyl_NoAuth" time="0.269"/>
  <system-out/>
  <testcase classname="SpotifyTestNG.stng.TestUpdateDelete_01" name="deleteVinyl_NoAuth" time="0.302"/>
  <system-out/>
  <testcase classname="SpotifyTestNG.stng.TestUpdateDelete_01" name="deleteVinyl_WithAuth" time="0.304"/>
  <system-out/>
  <testcase classname="SpotifyTestNG.stng.TestUpdateDelete_01" name="deleteVinyl_NotExist" time="0.305"/>
  <system-out/>
</testsuite> <!-- SpotifyTestNG.stng.TestUpdateDelete_01 -->
